[2009年09月01日23:41:25][Error][main.cpp:main()]: 
[2009年09月01日23:42:30][Error][main.cpp:main()]: 
[2009年09月01日23:42:32][Error][main.cpp:main()]: 
[2009年09月01日23:42:32][Error][main.cpp:main()]: 
[2009年09月01日23:42:33][Error][main.cpp:main()]: 
[2009年09月01日23:42:34][Error][main.cpp:main()]: 
[2009年09月01日23:42:35][Error][main.cpp:main()]: 
[2009年09月01日23:42:49][Error][main.cpp:main()]: 
[2009年09月01日23:42:50][Error][main.cpp:main()]: 
[2009年09月01日23:42:52][Error][main.cpp:main()]: 
[2009年09月01日23:42:54][Error][main.cpp:main()]: 
[2009年09月01日23:42:58][Error][main.cpp:main()]: 
[2009年09月01日23:42:59][Error][main.cpp:main()]: 
[2009年09月01日23:44:03][Error][main.cpp:main()]: 
[2009年09月01日23:44:10][Error][main.cpp:main()]: 
[2009年09月01日23:44:26][Error][main.cpp:main()]: 
[20090902 00:40:14][Error][main.cpp:main()]: 
[20090902 00:40:50][Error][main.cpp:main()]: 
[20090902 00:53:35][Error][main.cpp:main()]: 
[20090902 00:58:46][Error][main.cpp:main()]: content---MyLog
[20090902 00:59:29][Error][main.cpp:main()]: content---MyLog
[20090902 00:59:30][Error][main.cpp:main()]: content---MyLog
[20090902 00:59:31][Error][main.cpp:main()]: content---MyLog
[20090902 00:59:32][Error][main.cpp:main()]: content---MyLog
[20090902 00:59:33][Error][main.cpp:main()]: content---MyLog
[20090902 00:59:33][Error][main.cpp:main()]: content---MyLog
[20090902 00:59:34][Error][main.cpp:main()]: content---MyLog
[20090902 00:59:34][Error][main.cpp:main()]: content---MyLog
[20090902 00:59:35][Error][main.cpp:main()]: content---MyLog
[20090902 00:59:36][Error][main.cpp:main()]: content---MyLog
[20090902 00:59:36][Error][main.cpp:main()]: content---MyLog
[20090902 01:02:26][Error][main.cpp:main()]: 中文---MyLog
[20090902 01:02:26][Error][main.cpp:main()]: content---MyLog
[20090902 01:04:26][Error][main.cpp:main()]: content[0]---MyLog
[20090902 01:04:26][Error][main.cpp:main()]: content[1]---MyLog
[20090902 01:04:26][Error][main.cpp:main()]: content[2]---MyLog
[20090902 01:04:26][Error][main.cpp:main()]: content[3]---MyLog
[20090902 01:04:26][Error][main.cpp:main()]: content[4]---MyLog
[20090902 01:04:26][Error][main.cpp:main()]: content[5]---MyLog
[20090902 01:04:26][Error][main.cpp:main()]: content[6]---MyLog
[20090902 01:04:26][Error][main.cpp:main()]: content[7]---MyLog
[20090902 01:04:26][Error][main.cpp:main()]: content[8]---MyLog
[20090902 01:04:26][Error][main.cpp:main()]: content[9]---MyLog
[20090902 01:04:26][Error][main.cpp:main()]: content[10]---MyLog
[20090902 01:04:26][Error][main.cpp:main()]: content[11]---MyLog
[20090902 01:04:26][Error][main.cpp:main()]: content[12]---MyLog
[20090902 01:04:26][Error][main.cpp:main()]: content[13]---MyLog
[20090902 01:04:26][Error][main.cpp:main()]: content[14]---MyLog
[20090902 01:04:26][Error][main.cpp:main()]: content[15]---MyLog
[20090902 01:04:26][Error][main.cpp:main()]: content[16]---MyLog
[20090902 01:04:26][Error][main.cpp:main()]: content[17]---MyLog
[20090902 01:04:26][Error][main.cpp:main()]: content[18]---MyLog
[20090902 01:04:26][Error][main.cpp:main()]: content[19]---MyLog
[20090902 01:04:26][Error][main.cpp:main()]: content[20]---MyLog
[20090902 01:04:26][Error][main.cpp:main()]: content[21]---MyLog
[20090902 01:04:26][Error][main.cpp:main()]: content[22]---MyLog
[20090902 01:04:26][Error][main.cpp:main()]: content[23]---MyLog
[20090902 01:04:26][Error][main.cpp:main()]: content[24]---MyLog
[20090902 01:04:26][Error][main.cpp:main()]: content[25]---MyLog
[20090902 01:04:26][Error][main.cpp:main()]: content[26]---MyLog
[20090902 01:04:26][Error][main.cpp:main()]: content[27]---MyLog
[20090902 01:04:26][Error][main.cpp:main()]: content[28]---MyLog
[20090902 01:04:26][Error][main.cpp:main()]: content[29]---MyLog
[20090902 01:04:26][Error][main.cpp:main()]: content[30]---MyLog
[20090902 01:04:26][Error][main.cpp:main()]: content[31]---MyLog
[20090902 01:04:26][Error][main.cpp:main()]: content[32]---MyLog
[20090902 01:04:26][Error][main.cpp:main()]: content[33]---MyLog
[20090902 01:04:26][Error][main.cpp:main()]: content[34]---MyLog
[20090902 01:04:26][Error][main.cpp:main()]: content[35]---MyLog
[20090902 01:04:26][Error][main.cpp:main()]: content[36]---MyLog
[20090902 01:04:26][Error][main.cpp:main()]: content[37]---MyLog
[20090902 01:04:26][Error][main.cpp:main()]: content[38]---MyLog
[20090902 01:04:26][Error][main.cpp:main()]: content[39]---MyLog
[20090902 01:04:26][Error][main.cpp:main()]: content[40]---MyLog
[20090902 01:04:26][Error][main.cpp:main()]: content[41]---MyLog
[20090902 01:04:26][Error][main.cpp:main()]: content[42]---MyLog
[20090902 01:04:26][Error][main.cpp:main()]: content[43]---MyLog
[20090902 01:04:26][Error][main.cpp:main()]: content[44]---MyLog
[20090902 01:04:26][Error][main.cpp:main()]: content[45]---MyLog
[20090902 01:04:26][Error][main.cpp:main()]: content[46]---MyLog
[20090902 01:04:26][Error][main.cpp:main()]: content[47]---MyLog
[20090902 01:04:26][Error][main.cpp:main()]: content[48]---MyLog
[20090902 01:04:26][Error][main.cpp:main()]: content[49]---MyLog
[20090902 01:04:26][Error][main.cpp:main()]: content[50]---MyLog
[20090902 01:04:26][Error][main.cpp:main()]: content[51]---MyLog
[20090902 01:04:26][Error][main.cpp:main()]: content[52]---MyLog
[20090902 01:04:26][Error][main.cpp:main()]: content[53]---MyLog
[20090902 01:04:26][Error][main.cpp:main()]: content[54]---MyLog
[20090902 01:04:26][Error][main.cpp:main()]: content[55]---MyLog
[20090902 01:04:26][Error][main.cpp:main()]: content[56]---MyLog
[20090902 01:04:26][Error][main.cpp:main()]: content[57]---MyLog
[20090902 01:04:26][Error][main.cpp:main()]: content[58]---MyLog
[20090902 01:04:26][Error][main.cpp:main()]: content[59]---MyLog
[20090902 01:04:26][Error][main.cpp:main()]: content[60]---MyLog
[20090902 01:04:26][Error][main.cpp:main()]: content[61]---MyLog
[20090902 01:04:26][Error][main.cpp:main()]: content[62]---MyLog
[20090902 01:04:26][Error][main.cpp:main()]: content[63]---MyLog
[20090902 01:04:26][Error][main.cpp:main()]: content[64]---MyLog
[20090902 01:04:26][Error][main.cpp:main()]: content[65]---MyLog
[20090902 01:04:26][Error][main.cpp:main()]: content[66]---MyLog
[20090902 01:04:26][Error][main.cpp:main()]: content[67]---MyLog
[20090902 01:04:26][Error][main.cpp:main()]: content[68]---MyLog
[20090902 01:04:26][Error][main.cpp:main()]: content[69]---MyLog
[20090902 01:04:26][Error][main.cpp:main()]: content[70]---MyLog
[20090902 01:04:26][Error][main.cpp:main()]: content[71]---MyLog
[20090902 01:04:26][Error][main.cpp:main()]: content[72]---MyLog
[20090902 01:04:26][Error][main.cpp:main()]: content[73]---MyLog
[20090902 01:04:26][Error][main.cpp:main()]: content[74]---MyLog
[20090902 01:04:26][Error][main.cpp:main()]: content[75]---MyLog
[20090902 01:04:26][Error][main.cpp:main()]: content[76]---MyLog
[20090902 01:04:26][Error][main.cpp:main()]: content[77]---MyLog
[20090902 01:04:26][Error][main.cpp:main()]: content[78]---MyLog
[20090902 01:04:26][Error][main.cpp:main()]: content[79]---MyLog
[20090902 01:04:26][Error][main.cpp:main()]: content[80]---MyLog
[20090902 01:04:26][Error][main.cpp:main()]: content[81]---MyLog
[20090902 01:04:26][Error][main.cpp:main()]: content[82]---MyLog
[20090902 01:04:26][Error][main.cpp:main()]: content[83]---MyLog
[20090902 01:04:26][Error][main.cpp:main()]: content[84]---MyLog
[20090902 01:04:26][Error][main.cpp:main()]: content[85]---MyLog
[20090902 01:04:26][Error][main.cpp:main()]: content[86]---MyLog
[20090902 01:04:26][Error][main.cpp:main()]: content[87]---MyLog
[20090902 01:04:26][Error][main.cpp:main()]: content[88]---MyLog
[20090902 01:04:26][Error][main.cpp:main()]: content[89]---MyLog
[20090902 01:04:26][Error][main.cpp:main()]: content[90]---MyLog
[20090902 01:04:26][Error][main.cpp:main()]: content[91]---MyLog
[20090902 01:04:26][Error][main.cpp:main()]: content[92]---MyLog
[20090902 01:04:26][Error][main.cpp:main()]: content[93]---MyLog
[20090902 01:04:26][Error][main.cpp:main()]: content[94]---MyLog
[20090902 01:04:26][Error][main.cpp:main()]: content[95]---MyLog
[20090902 01:04:26][Error][main.cpp:main()]: content[96]---MyLog
[20090902 01:04:26][Error][main.cpp:main()]: content[97]---MyLog
[20090902 01:04:26][Error][main.cpp:main()]: content[98]---MyLog
[20090902 01:04:26][Error][main.cpp:main()]: content[99]---MyLog
[20090902 01:04:37][Error][main.cpp:main()]: content[0]---MyLog
[20090902 01:04:37][Error][main.cpp:main()]: content[1]---MyLog
[20090902 01:04:37][Error][main.cpp:main()]: content[2]---MyLog
[20090902 01:04:37][Error][main.cpp:main()]: content[3]---MyLog
[20090902 01:04:37][Error][main.cpp:main()]: content[4]---MyLog
[20090902 01:04:37][Error][main.cpp:main()]: content[5]---MyLog
[20090902 01:04:37][Error][main.cpp:main()]: content[6]---MyLog
[20090902 01:04:37][Error][main.cpp:main()]: content[7]---MyLog
[20090902 01:04:37][Error][main.cpp:main()]: content[8]---MyLog
[20090902 01:04:37][Error][main.cpp:main()]: content[9]---MyLog
[20090902 01:04:37][Error][main.cpp:main()]: content[10]---MyLog
[20090902 01:04:37][Error][main.cpp:main()]: content[11]---MyLog
[20090902 01:04:37][Error][main.cpp:main()]: content[12]---MyLog
[20090902 01:04:37][Error][main.cpp:main()]: content[13]---MyLog
[20090902 01:04:37][Error][main.cpp:main()]: content[14]---MyLog
[20090902 01:04:37][Error][main.cpp:main()]: content[15]---MyLog
[20090902 01:04:37][Error][main.cpp:main()]: content[16]---MyLog
[20090902 01:04:37][Error][main.cpp:main()]: content[17]---MyLog
[20090902 01:04:37][Error][main.cpp:main()]: content[18]---MyLog
[20090902 01:04:37][Error][main.cpp:main()]: content[19]---MyLog
[20090902 01:04:37][Error][main.cpp:main()]: content[20]---MyLog
[20090902 01:04:37][Error][main.cpp:main()]: content[21]---MyLog
[20090902 01:04:37][Error][main.cpp:main()]: content[22]---MyLog
[20090902 01:04:37][Error][main.cpp:main()]: content[23]---MyLog
[20090902 01:04:37][Error][main.cpp:main()]: content[24]---MyLog
[20090902 01:04:37][Error][main.cpp:main()]: content[25]---MyLog
[20090902 01:04:37][Error][main.cpp:main()]: content[26]---MyLog
[20090902 01:04:37][Error][main.cpp:main()]: content[27]---MyLog
[20090902 01:04:37][Error][main.cpp:main()]: content[28]---MyLog
[20090902 01:04:37][Error][main.cpp:main()]: content[29]---MyLog
[20090902 01:04:37][Error][main.cpp:main()]: content[30]---MyLog
[20090902 01:04:37][Error][main.cpp:main()]: content[31]---MyLog
[20090902 01:04:37][Error][main.cpp:main()]: content[32]---MyLog
[20090902 01:04:37][Error][main.cpp:main()]: content[33]---MyLog
[20090902 01:04:37][Error][main.cpp:main()]: content[34]---MyLog
[20090902 01:04:37][Error][main.cpp:main()]: content[35]---MyLog
[20090902 01:04:37][Error][main.cpp:main()]: content[36]---MyLog
[20090902 01:04:37][Error][main.cpp:main()]: content[37]---MyLog
[20090902 01:04:37][Error][main.cpp:main()]: content[38]---MyLog
[20090902 01:04:37][Error][main.cpp:main()]: content[39]---MyLog
[20090902 01:04:37][Error][main.cpp:main()]: content[40]---MyLog
[20090902 01:04:37][Error][main.cpp:main()]: content[41]---MyLog
[20090902 01:04:37][Error][main.cpp:main()]: content[42]---MyLog
[20090902 01:04:37][Error][main.cpp:main()]: content[43]---MyLog
[20090902 01:04:37][Error][main.cpp:main()]: content[44]---MyLog
[20090902 01:04:37][Error][main.cpp:main()]: content[45]---MyLog
[20090902 01:04:37][Error][main.cpp:main()]: content[46]---MyLog
[20090902 01:04:37][Error][main.cpp:main()]: content[47]---MyLog
[20090902 01:04:37][Error][main.cpp:main()]: content[48]---MyLog
[20090902 01:04:37][Error][main.cpp:main()]: content[49]---MyLog
[20090902 01:04:37][Error][main.cpp:main()]: content[50]---MyLog
[20090902 01:04:37][Error][main.cpp:main()]: content[51]---MyLog
[20090902 01:04:37][Error][main.cpp:main()]: content[52]---MyLog
[20090902 01:04:37][Error][main.cpp:main()]: content[53]---MyLog
[20090902 01:04:37][Error][main.cpp:main()]: content[54]---MyLog
[20090902 01:04:37][Error][main.cpp:main()]: content[55]---MyLog
[20090902 01:04:37][Error][main.cpp:main()]: content[56]---MyLog
[20090902 01:04:37][Error][main.cpp:main()]: content[57]---MyLog
[20090902 01:04:37][Error][main.cpp:main()]: content[58]---MyLog
[20090902 01:04:37][Error][main.cpp:main()]: content[59]---MyLog
[20090902 01:04:37][Error][main.cpp:main()]: content[60]---MyLog
[20090902 01:04:37][Error][main.cpp:main()]: content[61]---MyLog
[20090902 01:04:37][Error][main.cpp:main()]: content[62]---MyLog
[20090902 01:04:37][Error][main.cpp:main()]: content[63]---MyLog
[20090902 01:04:37][Error][main.cpp:main()]: content[64]---MyLog
[20090902 01:04:37][Error][main.cpp:main()]: content[65]---MyLog
[20090902 01:04:37][Error][main.cpp:main()]: content[66]---MyLog
[20090902 01:04:37][Error][main.cpp:main()]: content[67]---MyLog
[20090902 01:04:37][Error][main.cpp:main()]: content[68]---MyLog
[20090902 01:04:37][Error][main.cpp:main()]: content[69]---MyLog
[20090902 01:04:37][Error][main.cpp:main()]: content[70]---MyLog
[20090902 01:04:37][Error][main.cpp:main()]: content[71]---MyLog
[20090902 01:04:37][Error][main.cpp:main()]: content[72]---MyLog
[20090902 01:04:37][Error][main.cpp:main()]: content[73]---MyLog
[20090902 01:04:37][Error][main.cpp:main()]: content[74]---MyLog
[20090902 01:04:37][Error][main.cpp:main()]: content[75]---MyLog
[20090902 01:04:37][Error][main.cpp:main()]: content[76]---MyLog
[20090902 01:04:37][Error][main.cpp:main()]: content[77]---MyLog
[20090902 01:04:37][Error][main.cpp:main()]: content[78]---MyLog
[20090902 01:04:37][Error][main.cpp:main()]: content[79]---MyLog
[20090902 01:04:37][Error][main.cpp:main()]: content[80]---MyLog
[20090902 01:04:37][Error][main.cpp:main()]: content[81]---MyLog
[20090902 01:04:37][Error][main.cpp:main()]: content[82]---MyLog
[20090902 01:04:37][Error][main.cpp:main()]: content[83]---MyLog
[20090902 01:04:37][Error][main.cpp:main()]: content[84]---MyLog
[20090902 01:04:37][Error][main.cpp:main()]: content[85]---MyLog
[20090902 01:04:37][Error][main.cpp:main()]: content[86]---MyLog
[20090902 01:04:37][Error][main.cpp:main()]: content[87]---MyLog
[20090902 01:04:37][Error][main.cpp:main()]: content[88]---MyLog
[20090902 01:04:37][Error][main.cpp:main()]: content[89]---MyLog
[20090902 01:04:37][Error][main.cpp:main()]: content[90]---MyLog
[20090902 01:04:37][Error][main.cpp:main()]: content[91]---MyLog
[20090902 01:04:37][Error][main.cpp:main()]: content[92]---MyLog
[20090902 01:04:37][Error][main.cpp:main()]: content[93]---MyLog
[20090902 01:04:37][Error][main.cpp:main()]: content[94]---MyLog
[20090902 01:04:37][Error][main.cpp:main()]: content[95]---MyLog
[20090902 01:04:37][Error][main.cpp:main()]: content[96]---MyLog
[20090902 01:04:37][Error][main.cpp:main()]: content[97]---MyLog
[20090902 01:04:37][Error][main.cpp:main()]: content[98]---MyLog
[20090902 01:04:37][Error][main.cpp:main()]: content[99]---MyLog
